SobrietyCounter/android/app/build/intermediates/manifest_merge_blame_file/release/processReleaseMainManifest/manifest-merger-blame-release-report.txt
1<?xml version="1.0" encoding="utf-8"?>
2<manifest xmlns:android="http://schemas.android.com/apk/res/android"
3    package="com.pegasusgames.sobrietycounter"
4    android:versionCode="9"
5    android:versionName="1.5" >
6
7    <uses-sdk
8        android:minSdkVersion="23"
9        android:targetSdkVersion="36" />
10
11    <!-- Required permissions -->
12    <uses-permission android:name="android.permission.INTERNET" />
12-->src/main/AndroidManifest.xml:6:5-67
12-->src/main/AndroidManifest.xml:6:22-64
13    <uses-permission android:name="android.permission.ACCESS_NETWORK_STATE" />
13-->src/main/AndroidManifest.xml:7:5-79
13-->src/main/AndroidManifest.xml:7:22-76
14    <uses-permission android:name="com.android.vending.BILLING" />
14-->src/main/AndroidManifest.xml:8:5-67
14-->src/main/AndroidManifest.xml:8:22-64
15
16    <queries>
16-->[com.applovin:applovin-sdk:13.6.2] AndroidManifest.xml:7:5-11:15
17        <intent>
17-->[com.applovin:applovin-sdk:13.6.2] AndroidManifest.xml:8:9-10:18
18            <action android:name="android.support.customtabs.action.CustomTabsService" />
18-->[com.applovin:applovin-sdk:13.6.2] AndroidManifest.xml:9:13-90
18-->[com.applovin:applovin-sdk:13.6.2] AndroidManifest.xml:9:21-87
19        </intent>
20        <intent>
20-->[com.android.billingclient:billing:8.0.0] AndroidManifest.xml:13:9-15:18
21            <action android:name="com.android.vending.billing.InAppBillingService.BIND" />
21-->[com.android.billingclient:billing:8.0.0] AndroidManifest.xml:14:13-91
21-->[com.android.billingclient:billing:8.0.0] AndroidManifest.xml:14:21-88
22        </intent>
23        <intent>
23-->[com.android.billingclient:billing:8.0.0] AndroidManifest.xml:16:9-18:18
24            <action android:name="com.google.android.apps.play.billingtestcompanion.BillingOverrideService.BIND" />
24-->[com.android.billingclient:billing:8.0.0] AndroidManifest.xml:17:13-116
24-->[com.android.billingclient:billing:8.0.0] AndroidManifest.xml:17:21-113
25        </intent> <!-- For browser content -->
26        <intent>
26-->[com.google.android.gms:play-services-ads-lite:23.6.0] AndroidManifest.xml:38:9-44:18
27            <action android:name="android.intent.action.VIEW" />
27-->[com.google.android.gms:play-services-ads-lite:23.6.0] AndroidManifest.xml:39:13-65
27-->[com.google.android.gms:play-services-ads-lite:23.6.0] AndroidManifest.xml:39:21-62
28
29            <category android:name="android.intent.category.BROWSABLE" />
29-->[com.google.android.gms:play-services-ads-lite:23.6.0] AndroidManifest.xml:41:13-74
29-->[com.google.android.gms:play-services-ads-lite:23.6.0] AndroidManifest.xml:41:23-71
30
31            <data android:scheme="https" />
31-->[com.google.android.gms:play-services-ads-lite:23.6.0] AndroidManifest.xml:43:13-44
31-->[com.google.android.gms:play-services-ads-lite:23.6.0] AndroidManifest.xml:43:19-41
32        </intent> <!-- End of CustomTabsService -->
33        <!-- For MRAID capabilities -->
34        <intent>
34-->[com.google.android.gms:play-services-ads-lite:23.6.0] AndroidManifest.xml:52:9-56:18
35            <action android:name="android.intent.action.INSERT" />
35-->[com.google.android.gms:play-services-ads-lite:23.6.0] AndroidManifest.xml:53:13-67
35-->[com.google.android.gms:play-services-ads-lite:23.6.0] AndroidManifest.xml:53:21-64
36
37            <data android:mimeType="vnd.android.cursor.dir/event" />
37-->[com.google.android.gms:play-services-ads-lite:23.6.0] AndroidManifest.xml:43:13-44
38        </intent>
39        <intent>
39-->[com.google.android.gms:play-services-ads-lite:23.6.0] AndroidManifest.xml:57:9-61:18
40            <action android:name="android.intent.action.VIEW" />
40-->[com.google.android.gms:play-services-ads-lite:23.6.0] AndroidManifest.xml:39:13-65
40-->[com.google.android.gms:play-services-ads-lite:23.6.0] AndroidManifest.xml:39:21-62
41
42            <data android:scheme="sms" />
42-->[com.google.android.gms:play-services-ads-lite:23.6.0] AndroidManifest.xml:43:13-44
42-->[com.google.android.gms:play-services-ads-lite:23.6.0] AndroidManifest.xml:43:19-41
43        </intent>
44        <intent>
44-->[com.google.android.gms:play-services-ads-lite:23.6.0] AndroidManifest.xml:62:9-66:18
45            <action android:name="android.intent.action.DIAL" />
45-->[com.google.android.gms:play-services-ads-lite:23.6.0] AndroidManifest.xml:63:13-65
45-->[com.google.android.gms:play-services-ads-lite:23.6.0] AndroidManifest.xml:63:21-62
46
47            <data android:path="tel:" />
47-->[com.google.android.gms:play-services-ads-lite:23.6.0] AndroidManifest.xml:43:13-44
48        </intent>
49    </queries>
50
51    <uses-permission android:name="android.permission.VIBRATE" />
51-->[com.applovin:applovin-sdk:13.6.2] AndroidManifest.xml:15:5-66
51-->[com.applovin:applovin-sdk:13.6.2] AndroidManifest.xml:15:22-63
52    <uses-permission android:name="com.google.android.gms.permission.AD_ID" />
52-->[com.applovin:applovin-sdk:13.6.2] AndroidManifest.xml:16:5-79
52-->[com.applovin:applovin-sdk:13.6.2] AndroidManifest.xml:16:22-76
53    <uses-permission android:name="com.android.vending.CHECK_LICENSE" /> <!-- Permissions required by Open Measurement SDK -->
53-->[com.applovin:applovin-sdk:13.6.2] AndroidManifest.xml:17:5-73
53-->[com.applovin:applovin-sdk:13.6.2] AndroidManifest.xml:17:22-70
54    <uses-permission android:name="android.permission.ACCESS_WIFI_STATE" />
54-->[com.applovin:applovin-sdk:13.6.2] AndroidManifest.xml:20:5-76
54-->[com.applovin:applovin-sdk:13.6.2] AndroidManifest.xml:20:22-73
55    <uses-permission android:name="android.permission.WAKE_LOCK" />
55-->[com.google.android.gms:play-services-measurement-api:22.1.2] AndroidManifest.xml:24:5-68
55-->[com.google.android.gms:play-services-measurement-api:22.1.2] AndroidManifest.xml:24:22-65
56    <uses-permission android:name="android.permission.ACCESS_ADSERVICES_ATTRIBUTION" />
56-->[com.google.android.gms:play-services-measurement-api:22.1.2] AndroidManifest.xml:26:5-88
56-->[com.google.android.gms:play-services-measurement-api:22.1.2] AndroidManifest.xml:26:22-85
57    <uses-permission android:name="android.permission.ACCESS_ADSERVICES_AD_ID" />
57-->[com.google.android.gms:play-services-measurement-api:22.1.2] AndroidManifest.xml:27:5-82
57-->[com.google.android.gms:play-services-measurement-api:22.1.2] AndroidManifest.xml:27:22-79
58    <uses-permission android:name="com.google.android.finsky.permission.BIND_GET_INSTALL_REFERRER_SERVICE" />
58-->[com.google.android.gms:play-services-measurement:22.1.2] AndroidManifest.xml:26:5-110
58-->[com.google.android.gms:play-services-measurement:22.1.2] AndroidManifest.xml:26:22-107
59    <uses-permission android:name="android.permission.ACCESS_ADSERVICES_TOPICS" />
59-->[com.google.android.gms:play-services-ads-lite:23.6.0] AndroidManifest.xml:29:5-83
59-->[com.google.android.gms:play-services-ads-lite:23.6.0] AndroidManifest.xml:29:22-80
60    <uses-permission android:name="android.permission.FOREGROUND_SERVICE" />
60-->[androidx.work:work-runtime:2.7.0] AndroidManifest.xml:28:5-77
60-->[androidx.work:work-runtime:2.7.0] AndroidManifest.xml:28:22-74
61
62    <permission
62-->[androidx.core:core:1.9.0] AndroidManifest.xml:22:5-24:47
63        android:name="com.pegasusgames.sobrietycounter.DYNAMIC_RECEIVER_NOT_EXPORTED_PERMISSION"
63-->[androidx.core:core:1.9.0] AndroidManifest.xml:23:9-81
64        android:protectionLevel="signature" />
64-->[androidx.core:core:1.9.0] AndroidManifest.xml:24:9-44
65
66    <uses-permission android:name="com.pegasusgames.sobrietycounter.DYNAMIC_RECEIVER_NOT_EXPORTED_PERMISSION" />
66-->[androidx.core:core:1.9.0] AndroidManifest.xml:26:5-97
66-->[androidx.core:core:1.9.0] AndroidManifest.xml:26:22-94
67
68    <application
68-->src/main/AndroidManifest.xml:10:5-48:19
69        android:allowBackup="false"
69-->src/main/AndroidManifest.xml:11:9-36
70        android:appComponentFactory="androidx.core.app.CoreComponentFactory"
70-->[androidx.core:core:1.9.0] AndroidManifest.xml:28:18-86
71        android:extractNativeLibs="false"
72        android:hardwareAccelerated="true"
72-->src/main/AndroidManifest.xml:17:9-43
73        android:icon="@mipmap/ic_launcher"
73-->src/main/AndroidManifest.xml:12:9-43
74        android:label="Sobriety Counter"
74-->src/main/AndroidManifest.xml:13:9-41
75        android:pageSizeCompat="enabled"
75-->src/main/AndroidManifest.xml:18:9-41
76        android:roundIcon="@mipmap/ic_launcher_round"
76-->src/main/AndroidManifest.xml:14:9-54
77        android:supportsRtl="true"
77-->src/main/AndroidManifest.xml:15:9-35
78        android:theme="@style/Theme.BallSort" >
78-->src/main/AndroidManifest.xml:16:9-46
79
80        <!-- Resolve AdMob vs Firebase Analytics conflict over AD_SERVICES_CONFIG -->
81        <property
81-->src/main/AndroidManifest.xml:21:9-24:48
82            android:name="android.adservices.AD_SERVICES_CONFIG"
82-->src/main/AndroidManifest.xml:22:13-65
83            android:resource="@xml/gma_ad_services_config" />
83-->src/main/AndroidManifest.xml:23:13-59
84
85        <!-- AppLovin MAX SDK key — get from AppLovin dashboard → Account → General -->
86        <meta-data
86-->src/main/AndroidManifest.xml:27:9-29:64
87            android:name="applovin.sdk.key"
87-->src/main/AndroidManifest.xml:28:13-44
88            android:value="ENTER_YOUR_APPLOVIN_SDK_KEY_HERE" />
88-->src/main/AndroidManifest.xml:29:13-61
89
90        <!-- AdMob App ID — kept for AppLovin MAX mediation adapter -->
91        <meta-data
91-->src/main/AndroidManifest.xml:32:9-34:69
92            android:name="com.google.android.gms.ads.APPLICATION_ID"
92-->src/main/AndroidManifest.xml:33:13-69
93            android:value="ca-app-pub-2759523698880843~9194379298" />
93-->src/main/AndroidManifest.xml:34:13-67
94
95        <activity
95-->src/main/AndroidManifest.xml:36:9-46:20
96            android:name="com.pegasusgames.sobrietycounter.MainActivity"
96-->src/main/AndroidManifest.xml:37:13-41
97            android:configChanges="orientation|screenSize|keyboardHidden"
97-->src/main/AndroidManifest.xml:39:13-74
98            android:exported="true"
98-->src/main/AndroidManifest.xml:38:13-36
99            android:windowSoftInputMode="adjustNothing" >
99-->src/main/AndroidManifest.xml:40:13-56
100            <intent-filter>
100-->src/main/AndroidManifest.xml:42:13-45:29
101                <action android:name="android.intent.action.MAIN" />
101-->src/main/AndroidManifest.xml:43:17-69
101-->src/main/AndroidManifest.xml:43:25-66
102
103                <category android:name="android.intent.category.LAUNCHER" />
103-->src/main/AndroidManifest.xml:44:17-77
103-->src/main/AndroidManifest.xml:44:27-74
104            </intent-filter>
105        </activity>
106
107        <provider
107-->[com.applovin:applovin-sdk:13.6.2] AndroidManifest.xml:23:9-27:39
108            android:name="com.applovin.sdk.AppLovinInitProvider"
108-->[com.applovin:applovin-sdk:13.6.2] AndroidManifest.xml:24:13-65
109            android:authorities="com.pegasusgames.sobrietycounter.applovininitprovider"
109-->[com.applovin:applovin-sdk:13.6.2] AndroidManifest.xml:25:13-72
110            android:exported="false"
110-->[com.applovin:applovin-sdk:13.6.2] AndroidManifest.xml:26:13-37
111            android:initOrder="101" /> <!-- Init order is 101 so we're before Firebase/Google which uses 100 -->
111-->[com.applovin:applovin-sdk:13.6.2] AndroidManifest.xml:27:13-36
112        <activity
112-->[com.applovin:applovin-sdk:13.6.2] AndroidManifest.xml:29:9-36:74
113            android:name="com.applovin.adview.AppLovinFullscreenActivity"
113-->[com.applovin:applovin-sdk:13.6.2] AndroidManifest.xml:30:13-74
114            android:configChanges="fontScale|keyboard|keyboardHidden|locale|orientation|screenLayout|screenSize|smallestScreenSize|uiMode"
114-->[com.applovin:applovin-sdk:13.6.2] AndroidManifest.xml:31:13-139
115            android:exported="false"
115-->[com.applovin:applovin-sdk:13.6.2] AndroidManifest.xml:32:13-37
116            android:hardwareAccelerated="true"
116-->[com.applovin:applovin-sdk:13.6.2] AndroidManifest.xml:33:13-47
117            android:launchMode="singleTop"
117-->[com.applovin:applovin-sdk:13.6.2] AndroidManifest.xml:34:13-43
118            android:screenOrientation="behind"
118-->[com.applovin:applovin-sdk:13.6.2] AndroidManifest.xml:35:13-47
119            android:theme="@android:style/Theme.NoTitleBar.Fullscreen" />
119-->[com.applovin:applovin-sdk:13.6.2] AndroidManifest.xml:36:13-71
120        <activity
120-->[com.applovin:applovin-sdk:13.6.2] AndroidManifest.xml:37:9-43:63
121            android:name="com.applovin.adview.AppLovinFullscreenImmersiveActivity"
121-->[com.applovin:applovin-sdk:13.6.2] AndroidManifest.xml:38:13-83
122            android:configChanges="fontScale|keyboard|keyboardHidden|locale|orientation|screenLayout|screenSize|smallestScreenSize|uiMode"
122-->[com.applovin:applovin-sdk:13.6.2] AndroidManifest.xml:39:13-139
123            android:exported="false"
123-->[com.applovin:applovin-sdk:13.6.2] AndroidManifest.xml:40:13-37
124            android:hardwareAccelerated="true"
124-->[com.applovin:applovin-sdk:13.6.2] AndroidManifest.xml:41:13-47
125            android:launchMode="singleTop"
125-->[com.applovin:applovin-sdk:13.6.2] AndroidManifest.xml:42:13-43
126            android:theme="@android:style/Theme.NoTitleBar" />
126-->[com.applovin:applovin-sdk:13.6.2] AndroidManifest.xml:43:13-60
127        <activity
127-->[com.applovin:applovin-sdk:13.6.2] AndroidManifest.xml:44:9-46:142
128            android:name="com.applovin.sdk.AppLovinWebViewActivity"
128-->[com.applovin:applovin-sdk:13.6.2] AndroidManifest.xml:45:13-68
129            android:configChanges="fontScale|keyboard|keyboardHidden|locale|orientation|screenLayout|screenSize|smallestScreenSize|uiMode" /> <!-- Mediation Debugger Activities -->
129-->[com.applovin:applovin-sdk:13.6.2] AndroidManifest.xml:46:13-139
130        <activity
130-->[com.applovin:applovin-sdk:13.6.2] AndroidManifest.xml:49:9-52:87
131            android:name="com.applovin.mediation.MaxDebuggerActivity"
131-->[com.applovin:applovin-sdk:13.6.2] AndroidManifest.xml:50:13-70
132            android:configChanges="fontScale|keyboard|keyboardHidden|locale|orientation|screenLayout|screenSize|smallestScreenSize|uiMode"
132-->[com.applovin:applovin-sdk:13.6.2] AndroidManifest.xml:51:13-139
133            android:theme="@style/com.applovin.mediation.MaxDebuggerActivity.Theme" />
133-->[com.applovin:applovin-sdk:13.6.2] AndroidManifest.xml:52:13-84
134        <activity
134-->[com.applovin:applovin-sdk:13.6.2] AndroidManifest.xml:53:9-56:87
135            android:name="com.applovin.mediation.MaxDebuggerDetailActivity"
135-->[com.applovin:applovin-sdk:13.6.2] AndroidManifest.xml:54:13-76
136            android:configChanges="fontScale|keyboard|keyboardHidden|locale|orientation|screenLayout|screenSize|smallestScreenSize|uiMode"
136-->[com.applovin:applovin-sdk:13.6.2] AndroidManifest.xml:55:13-139
137            android:theme="@style/com.applovin.mediation.MaxDebuggerActivity.Theme" />
137-->[com.applovin:applovin-sdk:13.6.2] AndroidManifest.xml:56:13-84
138        <activity
138-->[com.applovin:applovin-sdk:13.6.2] AndroidManifest.xml:57:9-60:87
139            android:name="com.applovin.mediation.MaxDebuggerMultiAdActivity"
139-->[com.applovin:applovin-sdk:13.6.2] AndroidManifest.xml:58:13-77
140            android:configChanges="fontScale|keyboard|keyboardHidden|locale|orientation|screenLayout|screenSize|smallestScreenSize|uiMode"
140-->[com.applovin:applovin-sdk:13.6.2] AndroidManifest.xml:59:13-139
141            android:theme="@style/com.applovin.mediation.MaxDebuggerActivity.Theme" />
141-->[com.applovin:applovin-sdk:13.6.2] AndroidManifest.xml:60:13-84
142        <activity
142-->[com.applovin:applovin-sdk:13.6.2] AndroidManifest.xml:61:9-64:87
143            android:name="com.applovin.mediation.MaxDebuggerAdUnitsListActivity"
143-->[com.applovin:applovin-sdk:13.6.2] AndroidManifest.xml:62:13-81
144            android:configChanges="fontScale|keyboard|keyboardHidden|locale|orientation|screenLayout|screenSize|smallestScreenSize|uiMode"
144-->[com.applovin:applovin-sdk:13.6.2] AndroidManifest.xml:63:13-139
145            android:theme="@style/com.applovin.mediation.MaxDebuggerActivity.Theme" />
145-->[com.applovin:applovin-sdk:13.6.2] AndroidManifest.xml:64:13-84
146        <activity
146-->[com.applovin:applovin-sdk:13.6.2] AndroidManifest.xml:65:9-68:87
147            android:name="com.applovin.mediation.MaxDebuggerAdUnitWaterfallsListActivity"
147-->[com.applovin:applovin-sdk:13.6.2] AndroidManifest.xml:66:13-90
148            android:configChanges="fontScale|keyboard|keyboardHidden|locale|orientation|screenLayout|screenSize|smallestScreenSize|uiMode"
148-->[com.applovin:applovin-sdk:13.6.2] AndroidManifest.xml:67:13-139
149            android:theme="@style/com.applovin.mediation.MaxDebuggerActivity.Theme" />
149-->[com.applovin:applovin-sdk:13.6.2] AndroidManifest.xml:68:13-84
150        <activity
150-->[com.applovin:applovin-sdk:13.6.2] AndroidManifest.xml:69:9-72:87
151            android:name="com.applovin.mediation.MaxDebuggerAdUnitDetailActivity"
151-->[com.applovin:applovin-sdk:13.6.2] AndroidManifest.xml:70:13-82
152            android:configChanges="fontScale|keyboard|keyboardHidden|locale|orientation|screenLayout|screenSize|smallestScreenSize|uiMode"
152-->[com.applovin:applovin-sdk:13.6.2] AndroidManifest.xml:71:13-139
153            android:theme="@style/com.applovin.mediation.MaxDebuggerActivity.Theme" />
153-->[com.applovin:applovin-sdk:13.6.2] AndroidManifest.xml:72:13-84
154        <activity
154-->[com.applovin:applovin-sdk:13.6.2] AndroidManifest.xml:73:9-76:87
155            android:name="com.applovin.mediation.MaxDebuggerCmpNetworksListActivity"
155-->[com.applovin:applovin-sdk:13.6.2] AndroidManifest.xml:74:13-85
156            android:configChanges="fontScale|keyboard|keyboardHidden|locale|orientation|screenLayout|screenSize|smallestScreenSize|uiMode"
156-->[com.applovin:applovin-sdk:13.6.2] AndroidManifest.xml:75:13-139
157            android:theme="@style/com.applovin.mediation.MaxDebuggerActivity.Theme" />
157-->[com.applovin:applovin-sdk:13.6.2] AndroidManifest.xml:76:13-84
158        <activity
158-->[com.applovin:applovin-sdk:13.6.2] AndroidManifest.xml:77:9-80:87
159            android:name="com.applovin.mediation.MaxDebuggerTcfConsentStatusesListActivity"
159-->[com.applovin:applovin-sdk:13.6.2] AndroidManifest.xml:78:13-92
160            android:configChanges="fontScale|keyboard|keyboardHidden|locale|orientation|screenLayout|screenSize|smallestScreenSize|uiMode"
160-->[com.applovin:applovin-sdk:13.6.2] AndroidManifest.xml:79:13-139
161            android:theme="@style/com.applovin.mediation.MaxDebuggerActivity.Theme" />
161-->[com.applovin:applovin-sdk:13.6.2] AndroidManifest.xml:80:13-84
162        <activity
162-->[com.applovin:applovin-sdk:13.6.2] AndroidManifest.xml:81:9-84:87
163            android:name="com.applovin.mediation.MaxDebuggerTcfInfoListActivity"
163-->[com.applovin:applovin-sdk:13.6.2] AndroidManifest.xml:82:13-81
164            android:configChanges="fontScale|keyboard|keyboardHidden|locale|orientation|screenLayout|screenSize|smallestScreenSize|uiMode"
164-->[com.applovin:applovin-sdk:13.6.2] AndroidManifest.xml:83:13-139
165            android:theme="@style/com.applovin.mediation.MaxDebuggerActivity.Theme" />
165-->[com.applovin:applovin-sdk:13.6.2] AndroidManifest.xml:84:13-84
166        <activity
166-->[com.applovin:applovin-sdk:13.6.2] AndroidManifest.xml:85:9-88:87
167            android:name="com.applovin.mediation.MaxDebuggerTcfStringActivity"
167-->[com.applovin:applovin-sdk:13.6.2] AndroidManifest.xml:86:13-79
168            android:configChanges="fontScale|keyboard|keyboardHidden|locale|orientation|screenLayout|screenSize|smallestScreenSize|uiMode"
168-->[com.applovin:applovin-sdk:13.6.2] AndroidManifest.xml:87:13-139
169            android:theme="@style/com.applovin.mediation.MaxDebuggerActivity.Theme" />
169-->[com.applovin:applovin-sdk:13.6.2] AndroidManifest.xml:88:13-84
170        <activity
170-->[com.applovin:applovin-sdk:13.6.2] AndroidManifest.xml:89:9-92:87
171            android:name="com.applovin.mediation.MaxDebuggerTestLiveNetworkActivity"
171-->[com.applovin:applovin-sdk:13.6.2] AndroidManifest.xml:90:13-85
172            android:configChanges="fontScale|keyboard|keyboardHidden|locale|orientation|screenLayout|screenSize|smallestScreenSize|uiMode"
172-->[com.applovin:applovin-sdk:13.6.2] AndroidManifest.xml:91:13-139
173            android:theme="@style/com.applovin.mediation.MaxDebuggerActivity.Theme" />
173-->[com.applovin:applovin-sdk:13.6.2] AndroidManifest.xml:92:13-84
174        <activity
174-->[com.applovin:applovin-sdk:13.6.2] AndroidManifest.xml:93:9-96:87
175            android:name="com.applovin.mediation.MaxDebuggerTestModeNetworkActivity"
175-->[com.applovin:applovin-sdk:13.6.2] AndroidManifest.xml:94:13-85
176            android:configChanges="fontScale|keyboard|keyboardHidden|locale|orientation|screenLayout|screenSize|smallestScreenSize|uiMode"
176-->[com.applovin:applovin-sdk:13.6.2] AndroidManifest.xml:95:13-139
177            android:theme="@style/com.applovin.mediation.MaxDebuggerActivity.Theme" />
177-->[com.applovin:applovin-sdk:13.6.2] AndroidManifest.xml:96:13-84
178        <activity
178-->[com.applovin:applovin-sdk:13.6.2] AndroidManifest.xml:97:9-100:87
179            android:name="com.applovin.mediation.MaxDebuggerUnifiedFlowActivity"
179-->[com.applovin:applovin-sdk:13.6.2] AndroidManifest.xml:98:13-81
180            android:configChanges="fontScale|keyboard|keyboardHidden|locale|orientation|screenLayout|screenSize|smallestScreenSize|uiMode"
180-->[com.applovin:applovin-sdk:13.6.2] AndroidManifest.xml:99:13-139
181            android:theme="@style/com.applovin.mediation.MaxDebuggerActivity.Theme" />
181-->[com.applovin:applovin-sdk:13.6.2] AndroidManifest.xml:100:13-84
182        <activity
182-->[com.applovin:applovin-sdk:13.6.2] AndroidManifest.xml:101:9-104:87
183            android:name="com.applovin.mediation.MaxDebuggerWaterfallSegmentsActivity"
183-->[com.applovin:applovin-sdk:13.6.2] AndroidManifest.xml:102:13-87
184            android:configChanges="fontScale|keyboard|keyboardHidden|locale|orientation|screenLayout|screenSize|smallestScreenSize|uiMode"
184-->[com.applovin:applovin-sdk:13.6.2] AndroidManifest.xml:103:13-139
185            android:theme="@style/com.applovin.mediation.MaxDebuggerActivity.Theme" />
185-->[com.applovin:applovin-sdk:13.6.2] AndroidManifest.xml:104:13-84
186        <activity
186-->[com.applovin:applovin-sdk:13.6.2] AndroidManifest.xml:105:9-108:87
187            android:name="com.applovin.mediation.MaxDebuggerAxonEventsListActivity"
187-->[com.applovin:applovin-sdk:13.6.2] AndroidManifest.xml:106:13-84
188            android:configChanges="fontScale|keyboard|keyboardHidden|locale|orientation|screenLayout|screenSize|smallestScreenSize|uiMode"
188-->[com.applovin:applovin-sdk:13.6.2] AndroidManifest.xml:107:13-139
189            android:theme="@style/com.applovin.mediation.MaxDebuggerActivity.Theme" />
189-->[com.applovin:applovin-sdk:13.6.2] AndroidManifest.xml:108:13-84
190        <activity
190-->[com.applovin:applovin-sdk:13.6.2] AndroidManifest.xml:109:9-112:91
191            android:name="com.applovin.creative.MaxCreativeDebuggerActivity"
191-->[com.applovin:applovin-sdk:13.6.2] AndroidManifest.xml:110:13-77
192            android:configChanges="fontScale|keyboard|keyboardHidden|locale|orientation|screenLayout|screenSize|smallestScreenSize|uiMode"
192-->[com.applovin:applovin-sdk:13.6.2] AndroidManifest.xml:111:13-139
193            android:theme="@style/com.applovin.creative.CreativeDebuggerActivity.Theme" />
193-->[com.applovin:applovin-sdk:13.6.2] AndroidManifest.xml:112:13-88
194        <activity
194-->[com.applovin:applovin-sdk:13.6.2] AndroidManifest.xml:113:9-116:91
195            android:name="com.applovin.creative.MaxCreativeDebuggerDisplayedAdActivity"
195-->[com.applovin:applovin-sdk:13.6.2] AndroidManifest.xml:114:13-88
196            android:configChanges="fontScale|keyboard|keyboardHidden|locale|orientation|screenLayout|screenSize|smallestScreenSize|uiMode"
196-->[com.applovin:applovin-sdk:13.6.2] AndroidManifest.xml:115:13-139
197            android:theme="@style/com.applovin.creative.CreativeDebuggerActivity.Theme" /> <!-- Services -->
197-->[com.applovin:applovin-sdk:13.6.2] AndroidManifest.xml:116:13-88
198        <service
198-->[com.applovin:applovin-sdk:13.6.2] AndroidManifest.xml:119:9-122:44
199            android:name="com.applovin.impl.adview.activity.FullscreenAdService"
199-->[com.applovin:applovin-sdk:13.6.2] AndroidManifest.xml:120:13-81
200            android:exported="false"
200-->[com.applovin:applovin-sdk:13.6.2] AndroidManifest.xml:121:13-37
201            android:stopWithTask="false" />
201-->[com.applovin:applovin-sdk:13.6.2] AndroidManifest.xml:122:13-41
202        <service
202-->[com.applovin:applovin-sdk:13.6.2] AndroidManifest.xml:123:9-125:40
203            android:name="com.applovin.impl.adview.activity.AppRestartDuringAdDetectionService"
203-->[com.applovin:applovin-sdk:13.6.2] AndroidManifest.xml:124:13-96
204            android:exported="false" />
204-->[com.applovin:applovin-sdk:13.6.2] AndroidManifest.xml:125:13-37
205
206        <meta-data
206-->[com.android.billingclient:billing:8.0.0] AndroidManifest.xml:22:9-24:37
207            android:name="com.google.android.play.billingclient.version"
207-->[com.android.billingclient:billing:8.0.0] AndroidManifest.xml:23:13-73
208            android:value="8.0.0" />
208-->[com.android.billingclient:billing:8.0.0] AndroidManifest.xml:24:13-34
209
210        <activity
210-->[com.android.billingclient:billing:8.0.0] AndroidManifest.xml:26:9-30:75
211            android:name="com.android.billingclient.api.ProxyBillingActivity"
211-->[com.android.billingclient:billing:8.0.0] AndroidManifest.xml:27:13-78
212            android:configChanges="keyboard|keyboardHidden|screenLayout|screenSize|orientation"
212-->[com.android.billingclient:billing:8.0.0] AndroidManifest.xml:28:13-96
213            android:exported="false"
213-->[com.android.billingclient:billing:8.0.0] AndroidManifest.xml:29:13-37
214            android:theme="@android:style/Theme.Translucent.NoTitleBar" />
214-->[com.android.billingclient:billing:8.0.0] AndroidManifest.xml:30:13-72
215        <activity
215-->[com.android.billingclient:billing:8.0.0] AndroidManifest.xml:31:9-35:75
216            android:name="com.android.billingclient.api.ProxyBillingActivityV2"
216-->[com.android.billingclient:billing:8.0.0] AndroidManifest.xml:32:13-80
217            android:configChanges="keyboard|keyboardHidden|screenLayout|screenSize|orientation"
217-->[com.android.billingclient:billing:8.0.0] AndroidManifest.xml:33:13-96
218            android:exported="false"
218-->[com.android.billingclient:billing:8.0.0] AndroidManifest.xml:34:13-37
219            android:theme="@android:style/Theme.Translucent.NoTitleBar" />
219-->[com.android.billingclient:billing:8.0.0] AndroidManifest.xml:35:13-72
220
221        <service
221-->[com.google.android.datatransport:transport-backend-cct:3.1.8] AndroidManifest.xml:28:9-34:19
222            android:name="com.google.android.datatransport.runtime.backends.TransportBackendDiscovery"
222-->[com.google.android.datatransport:transport-backend-cct:3.1.8] AndroidManifest.xml:29:13-103
223            android:exported="false" >
223-->[com.google.android.datatransport:transport-backend-cct:3.1.8] AndroidManifest.xml:30:13-37
224            <meta-data
224-->[com.google.android.datatransport:transport-backend-cct:3.1.8] AndroidManifest.xml:31:13-33:39
225                android:name="backend:com.google.android.datatransport.cct.CctBackendFactory"
225-->[com.google.android.datatransport:transport-backend-cct:3.1.8] AndroidManifest.xml:32:17-94
226                android:value="cct" />
226-->[com.google.android.datatransport:transport-backend-cct:3.1.8] AndroidManifest.xml:33:17-36
227        </service>
228        <service
228-->[com.google.android.datatransport:transport-runtime:3.1.8] AndroidManifest.xml:26:9-30:19
229            android:name="com.google.android.datatransport.runtime.scheduling.jobscheduling.JobInfoSchedulerService"
229-->[com.google.android.datatransport:transport-runtime:3.1.8] AndroidManifest.xml:27:13-117
230            android:exported="false"
230-->[com.google.android.datatransport:transport-runtime:3.1.8] AndroidManifest.xml:28:13-37
231            android:permission="android.permission.BIND_JOB_SERVICE" >
231-->[com.google.android.datatransport:transport-runtime:3.1.8] AndroidManifest.xml:29:13-69
232        </service>
233
234        <receiver
234-->[com.google.android.datatransport:transport-runtime:3.1.8] AndroidManifest.xml:32:9-34:40
235            android:name="com.google.android.datatransport.runtime.scheduling.jobscheduling.AlarmManagerSchedulerBroadcastReceiver"
235-->[com.google.android.datatransport:transport-runtime:3.1.8] AndroidManifest.xml:33:13-132
236            android:exported="false" />
236-->[com.google.android.datatransport:transport-runtime:3.1.8] AndroidManifest.xml:34:13-37
237
238        <service
238-->[com.google.android.gms:play-services-measurement-api:22.1.2] AndroidManifest.xml:34:9-40:19
239            android:name="com.google.firebase.components.ComponentDiscoveryService"
239-->[com.google.android.gms:play-services-measurement-api:22.1.2] AndroidManifest.xml:35:13-84
240            android:directBootAware="true"
240-->[com.google.firebase:firebase-common:21.0.0] AndroidManifest.xml:32:13-43
241            android:exported="false" >
241-->[com.google.android.gms:play-services-measurement-api:22.1.2] AndroidManifest.xml:36:13-37
242            <meta-data
242-->[com.google.android.gms:play-services-measurement-api:22.1.2] AndroidManifest.xml:37:13-39:85